{"/Users/sky/Desktop/skyg/Repository-1/React Native/testcases/App.js": {"path":"/Users/sky/Desktop/skyg/Repository-1/React Native/testcases/App.js","statementMap":{"0":{"start":{"line":5,"column":2},"end":{"line":10,"column":4}}},"fnMap":{"0":{"name":"App","decl":{"start":{"line":4,"column":24},"end":{"line":4,"column":27}},"loc":{"start":{"line":4,"column":30},"end":{"line":11,"column":1}},"line":4}},"branchMap":{},"s":{"0":2},"f":{"0":2},"b":{},"_coverageSchema":"1a1c01bbd47fc00a2c39e90264f33305004495a9","hash":"7464eb4b6899db851d186b59ef295efeda5afaae"}
,"/Users/sky/Desktop/skyg/Repository-1/React Native/testcases/screens/Button.js": {"path":"/Users/sky/Desktop/skyg/Repository-1/React Native/testcases/screens/Button.js","statementMap":{"0":{"start":{"line":4,"column":2},"end":{"line":11,"column":4}},"1":{"start":{"line":13,"column":15},"end":{"line":24,"column":2}}},"fnMap":{"0":{"name":"AppButton","decl":{"start":{"line":3,"column":9},"end":{"line":3,"column":18}},"loc":{"start":{"line":3,"column":32},"end":{"line":12,"column":1}},"line":3}},"branchMap":{},"s":{"0":3,"1":3},"f":{"0":3},"b":{},"_coverageSchema":"1a1c01bbd47fc00a2c39e90264f33305004495a9","hash":"c4bf5cb83538ccb3d0442d9a4e30dae2d96010fa"}
}
